-- The C compiler identification is GNU 11.4.0
-- The CXX compiler identification is GNU 11.4.0
-- Detecting C compiler ABI info
-- Detecting C compiler ABI info - done
-- Check for working C compiler: /usr/bin/cc - skipped
-- Detecting C compile features
-- Detecting C compile features - done
-- Detecting CXX compiler ABI info
-- Detecting CXX compiler ABI info - done
-- Check for working CXX compiler: /usr/bin/c++ - skipped
-- Detecting CXX compile features
-- Detecting CXX compile features - done
-- Found ament_cmake: 1.3.7 (/opt/ros/humble/share/ament_cmake/cmake)
-- Found Python3: /usr/bin/python3.10 (found version "3.10.12") found components: Interpreter 
-- Found ament_lint_auto: 0.12.10 (/opt/ros/humble/share/ament_lint_auto/cmake)
WARNING: Package name "Assem1" does not follow the naming conventions. It should start with a lower case letter and only contain lower case letters, digits, underscores, and dashes.
-- Configuring done
-- Generating done
-- Build files have been written to: /home/reeshav/Assem1/build/Assem1
-- Install configuration: ""
-- Installing: /home/reeshav/Assem1/install/Assem1/share/ament_index/resource_index/package_run_dependencies/Assem1
-- Installing: /home/reeshav/Assem1/install/Assem1/share/ament_index/resource_index/parent_prefix_path/Assem1
-- Installing: /home/reeshav/Assem1/install/Assem1/share/Assem1/environment/ament_prefix_path.sh
-- Installing: /home/reeshav/Assem1/install/Assem1/share/Assem1/environment/ament_prefix_path.dsv
-- Installing: /home/reeshav/Assem1/install/Assem1/share/Assem1/environment/path.sh
-- Installing: /home/reeshav/Assem1/install/Assem1/share/Assem1/environment/path.dsv
-- Installing: /home/reeshav/Assem1/install/Assem1/share/Assem1/local_setup.bash
-- Installing: /home/reeshav/Assem1/install/Assem1/share/Assem1/local_setup.sh
-- Installing: /home/reeshav/Assem1/install/Assem1/share/Assem1/local_setup.zsh
-- Installing: /home/reeshav/Assem1/install/Assem1/share/Assem1/local_setup.dsv
-- Installing: /home/reeshav/Assem1/install/Assem1/share/Assem1/package.dsv
-- Installing: /home/reeshav/Assem1/install/Assem1/share/ament_index/resource_index/packages/Assem1
-- Installing: /home/reeshav/Assem1/install/Assem1/share/Assem1/cmake/Assem1Config.cmake
-- Installing: /home/reeshav/Assem1/install/Assem1/share/Assem1/cmake/Assem1Config-version.cmake
-- Installing: /home/reeshav/Assem1/install/Assem1/share/Assem1/package.xml
[31mCMake Error at cmake_install.cmake:105 (file):
  file INSTALL cannot find "/home/reeshav/Assem1/dir": No such file or
  directory.

[0m
