[0.498s] DEBUG:colcon:Command line arguments: ['/usr/bin/colcon', 'build']
[0.498s] DEBUG:colcon:Parsed command line arguments: Namespace(log_base=None, log_level=None, verb_name='build', build_base='build', install_base='install', merge_install=False, symlink_install=False, test_result_base=None, continue_on_error=False, executor='parallel', parallel_workers=10, event_handlers=None, ignore_user_meta=False, metas=['./colcon.meta'], base_paths=['.'], packages_ignore=None, packages_ignore_regex=None, paths=None, packages_up_to=None, packages_up_to_regex=None, packages_above=None, packages_above_and_dependencies=None, packages_above_depth=None, packages_select_by_dep=None, packages_skip_by_dep=None, packages_skip_up_to=None, packages_select_build_failed=False, packages_skip_build_finished=False, packages_select_test_failures=False, packages_skip_test_passed=False, packages_select=None, packages_skip=None, packages_select_regex=None, packages_skip_regex=None, packages_start=None, packages_end=None, allow_overriding=[], cmake_args=None, cmake_target=None, cmake_target_skip_unavailable=False, cmake_clean_cache=False, cmake_clean_first=False, cmake_force_configure=False, ament_cmake_args=None, catkin_cmake_args=None, catkin_skip_building_tests=False, verb_parser=<colcon_defaults.argument_parser.defaults.DefaultArgumentsDecorator object at 0x7f78115a8d90>, verb_extension=<colcon_core.verb.build.BuildVerb object at 0x7f78115aae30>, main=<bound method BuildVerb.main of <colcon_core.verb.build.BuildVerb object at 0x7f78115aae30>>)
[0.524s] Level 1:colcon.colcon_core.package_discovery:discover_packages(colcon_meta) check parameters
[0.524s] Level 1:colcon.colcon_core.package_discovery:discover_packages(recursive) check parameters
[0.524s] Level 1:colcon.colcon_core.package_discovery:discover_packages(ignore) check parameters
[0.524s] Level 1:colcon.colcon_core.package_discovery:discover_packages(path) check parameters
[0.524s] Level 1:colcon.colcon_core.package_discovery:discover_packages(colcon_meta) discover
[0.524s] Level 1:colcon.colcon_core.package_discovery:discover_packages(recursive) discover
[0.524s] INFO:colcon.colcon_core.package_discovery:Crawling recursively for packages in '/home/reeshav/Assem1'
[0.524s] Level 1:colcon.colcon_core.package_identification:_identify(.) by extensions ['ignore', 'ignore_ament_install']
[0.525s] Level 1:colcon.colcon_core.package_identification:_identify(.) by extension 'ignore'
[0.525s] Level 1:colcon.colcon_core.package_identification:_identify(.) by extension 'ignore_ament_install'
[0.525s] Level 1:colcon.colcon_core.package_identification:_identify(.) by extensions ['colcon_pkg']
[0.525s] Level 1:colcon.colcon_core.package_identification:_identify(.) by extension 'colcon_pkg'
[0.525s] Level 1:colcon.colcon_core.package_identification:_identify(.) by extensions ['colcon_meta']
[0.525s] Level 1:colcon.colcon_core.package_identification:_identify(.) by extension 'colcon_meta'
[0.525s] Level 1:colcon.colcon_core.package_identification:_identify(.) by extensions ['ros']
[0.525s] Level 1:colcon.colcon_core.package_identification:_identify(.) by extension 'ros'
[0.534s] DEBUG:colcon.colcon_core.package_identification:Package '.' with type 'ros.catkin' and name 'Assem1'
[0.535s] Level 1:colcon.colcon_core.package_discovery:discover_packages(recursive) using defaults
[0.535s] Level 1:colcon.colcon_core.package_discovery:discover_packages(ignore) discover
[0.535s] Level 1:colcon.colcon_core.package_discovery:discover_packages(ignore) using defaults
[0.535s] Level 1:colcon.colcon_core.package_discovery:discover_packages(path) discover
[0.535s] Level 1:colcon.colcon_core.package_discovery:discover_packages(path) using defaults
[0.594s] Level 1:colcon.colcon_core.package_discovery:discover_packages(prefix_path) check parameters
[0.594s] Level 1:colcon.colcon_core.package_discovery:discover_packages(prefix_path) discover
[0.612s] DEBUG:colcon.colcon_installed_package_information.package_discovery:Found 273 installed packages in /opt/ros/humble
[0.612s] Level 1:colcon.colcon_core.package_discovery:discover_packages(prefix_path) using defaults
[0.661s] Level 5:colcon.colcon_core.verb:set package 'Assem1' build argument 'cmake_args' from command line to 'None'
[0.661s] Level 5:colcon.colcon_core.verb:set package 'Assem1' build argument 'cmake_target' from command line to 'None'
[0.661s] Level 5:colcon.colcon_core.verb:set package 'Assem1' build argument 'cmake_target_skip_unavailable' from command line to 'False'
[0.661s] Level 5:colcon.colcon_core.verb:set package 'Assem1' build argument 'cmake_clean_cache' from command line to 'False'
[0.661s] Level 5:colcon.colcon_core.verb:set package 'Assem1' build argument 'cmake_clean_first' from command line to 'False'
[0.661s] Level 5:colcon.colcon_core.verb:set package 'Assem1' build argument 'cmake_force_configure' from command line to 'False'
[0.661s] Level 5:colcon.colcon_core.verb:set package 'Assem1' build argument 'ament_cmake_args' from command line to 'None'
[0.661s] Level 5:colcon.colcon_core.verb:set package 'Assem1' build argument 'catkin_cmake_args' from command line to 'None'
[0.661s] Level 5:colcon.colcon_core.verb:set package 'Assem1' build argument 'catkin_skip_building_tests' from command line to 'False'
[0.661s] DEBUG:colcon.colcon_core.verb:Building package 'Assem1' with the following arguments: {'ament_cmake_args': None, 'build_base': '/home/reeshav/Assem1/build/Assem1', 'catkin_cmake_args': None, 'catkin_skip_building_tests': False, 'cmake_args': None, 'cmake_clean_cache': False, 'cmake_clean_first': False, 'cmake_force_configure': False, 'cmake_target': None, 'cmake_target_skip_unavailable': False, 'install_base': '/home/reeshav/Assem1/install/Assem1', 'merge_install': False, 'path': '/home/reeshav/Assem1', 'symlink_install': False, 'test_result_base': None}
[0.669s] INFO:colcon.colcon_core.executor:Executing jobs using 'parallel' executor
[0.677s] DEBUG:colcon.colcon_parallel_executor.executor.parallel:run_until_complete
[0.677s] INFO:colcon.colcon_ros.task.catkin.build:Building ROS package in '/home/reeshav/Assem1' with build type 'catkin'
[0.677s] INFO:colcon.colcon_cmake.task.cmake.build:Building CMake package in '/home/reeshav/Assem1'
[0.687s] INFO:colcon.colcon_core.plugin_system:Skipping extension 'colcon_core.shell.bat': Not used on non-Windows systems
[0.687s] INFO:colcon.colcon_core.shell:Skip shell extension 'powershell' for command environment: Not usable outside of PowerShell
[0.687s] DEBUG:colcon.colcon_core.shell:Skip shell extension 'dsv' for command environment
[0.732s] DEBUG:colcon.colcon_core.event_handler.log_command:Invoking command in '/home/reeshav/Assem1/build/Assem1': /usr/bin/cmake /home/reeshav/Assem1 -DCATKIN_INSTALL_INTO_PREFIX_ROOT=0 -DCMAKE_INSTALL_PREFIX=/home/reeshav/Assem1/install/Assem1
[0.741s] DEBUG:colcon.colcon_core.event_handler.log_command:Invoked command in '/home/reeshav/Assem1/build/Assem1' returned '1': /usr/bin/cmake /home/reeshav/Assem1 -DCATKIN_INSTALL_INTO_PREFIX_ROOT=0 -DCMAKE_INSTALL_PREFIX=/home/reeshav/Assem1/install/Assem1
[0.748s] Level 1:colcon.colcon_core.environment:create_environment_scripts_only(Assem1)
[0.757s] Level 1:colcon.colcon_core.environment:checking '/home/reeshav/Assem1/install/Assem1' for CMake module files
[0.757s] Level 1:colcon.colcon_core.environment:checking '/home/reeshav/Assem1/install/Assem1' for CMake config files
[0.758s] Level 1:colcon.colcon_core.environment:checking '/home/reeshav/Assem1/install/Assem1/bin'
[0.758s] Level 1:colcon.colcon_core.environment:checking '/home/reeshav/Assem1/install/Assem1/lib/pkgconfig/Assem1.pc'
[0.758s] Level 1:colcon.colcon_core.environment:checking '/home/reeshav/Assem1/install/Assem1/lib/python3.10/site-packages'
[0.758s] Level 1:colcon.colcon_core.environment:checking '/home/reeshav/Assem1/install/Assem1/bin'
[0.765s] INFO:colcon.colcon_core.shell:Creating package script '/home/reeshav/Assem1/install/Assem1/share/Assem1/package.ps1'
[0.765s] INFO:colcon.colcon_core.shell:Creating package descriptor '/home/reeshav/Assem1/install/Assem1/share/Assem1/package.dsv'
[0.766s] INFO:colcon.colcon_core.shell:Creating package script '/home/reeshav/Assem1/install/Assem1/share/Assem1/package.sh'
[0.766s] INFO:colcon.colcon_core.shell:Creating package script '/home/reeshav/Assem1/install/Assem1/share/Assem1/package.bash'
[0.767s] INFO:colcon.colcon_core.shell:Creating package script '/home/reeshav/Assem1/install/Assem1/share/Assem1/package.zsh'
[0.767s] Level 1:colcon.colcon_core.environment:create_file_with_runtime_dependencies(/home/reeshav/Assem1/install/Assem1/share/colcon-core/packages/Assem1)
[0.778s] DEBUG:colcon.colcon_parallel_executor.executor.parallel:closing loop
[0.779s] DEBUG:colcon.colcon_parallel_executor.executor.parallel:loop closed
[0.779s] DEBUG:colcon.colcon_parallel_executor.executor.parallel:run_until_complete finished with '1'
[0.779s] DEBUG:colcon.colcon_core.event_reactor:joining thread
[0.800s] INFO:colcon.colcon_core.plugin_system:Skipping extension 'colcon_notification.desktop_notification.terminal_notifier': Not used on non-Darwin systems
[0.800s] INFO:colcon.colcon_core.plugin_system:Skipping extension 'colcon_notification.desktop_notification.win32': Not used on non-Windows systems
[0.800s] INFO:colcon.colcon_notification.desktop_notification:Sending desktop notification using 'notify2'
[0.848s] DEBUG:colcon.colcon_core.event_reactor:joined thread
[0.857s] INFO:colcon.colcon_core.shell:Creating prefix script '/home/reeshav/Assem1/install/local_setup.ps1'
[0.859s] INFO:colcon.colcon_core.shell:Creating prefix util module '/home/reeshav/Assem1/install/_local_setup_util_ps1.py'
[0.860s] INFO:colcon.colcon_core.shell:Creating prefix chain script '/home/reeshav/Assem1/install/setup.ps1'
[0.875s] INFO:colcon.colcon_core.shell:Creating prefix script '/home/reeshav/Assem1/install/local_setup.sh'
[0.879s] INFO:colcon.colcon_core.shell:Creating prefix util module '/home/reeshav/Assem1/install/_local_setup_util_sh.py'
[0.881s] INFO:colcon.colcon_core.shell:Creating prefix chain script '/home/reeshav/Assem1/install/setup.sh'
[0.900s] INFO:colcon.colcon_core.shell:Creating prefix script '/home/reeshav/Assem1/install/local_setup.bash'
[0.902s] INFO:colcon.colcon_core.shell:Creating prefix chain script '/home/reeshav/Assem1/install/setup.bash'
[0.921s] INFO:colcon.colcon_core.shell:Creating prefix script '/home/reeshav/Assem1/install/local_setup.zsh'
[0.923s] INFO:colcon.colcon_core.shell:Creating prefix chain script '/home/reeshav/Assem1/install/setup.zsh'
