-- Install configuration: ""
-- Installing: /home/reeshav/Assem1/install/Assem1/share/Assem1/dir
-- Installing: /home/reeshav/Assem1/install/Assem1/share/Assem1/config
-- Installing: /home/reeshav/Assem1/install/Assem1/share/Assem1/config/joint_names_Assem1.yaml
-- Installing: /home/reeshav/Assem1/install/Assem1/share/Assem1/launch
-- Installing: /home/reeshav/Assem1/install/Assem1/share/Assem1/launch/gazebo.launch
-- Installing: /home/reeshav/Assem1/install/Assem1/share/Assem1/launch/display.launch
-- Installing: /home/reeshav/Assem1/install/Assem1/share/Assem1/meshes
-- Installing: /home/reeshav/Assem1/install/Assem1/share/Assem1/meshes/link7.STL
-- Installing: /home/reeshav/Assem1/install/Assem1/share/Assem1/meshes/link1.STL
-- Installing: /home/reeshav/Assem1/install/Assem1/share/Assem1/meshes/link6.STL
-- Installing: /home/reeshav/Assem1/install/Assem1/share/Assem1/meshes/link8.STL
-- Installing: /home/reeshav/Assem1/install/Assem1/share/Assem1/meshes/base_link.STL
-- Installing: /home/reeshav/Assem1/install/Assem1/share/Assem1/meshes/link3.STL
-- Installing: /home/reeshav/Assem1/install/Assem1/share/Assem1/meshes/link2.STL
-- Installing: /home/reeshav/Assem1/install/Assem1/share/Assem1/meshes/link4.STL
-- Installing: /home/reeshav/Assem1/install/Assem1/share/Assem1/meshes/link5.STL
-- Installing: /home/reeshav/Assem1/install/Assem1/share/Assem1/urdf
-- Installing: /home/reeshav/Assem1/install/Assem1/share/Assem1/urdf/Assem1.urdf
-- Installing: /home/reeshav/Assem1/install/Assem1/share/Assem1/urdf/Assem1.csv
-- Up-to-date: /home/reeshav/Assem1/install/Assem1/share/ament_index/resource_index/package_run_dependencies/Assem1
-- Up-to-date: /home/reeshav/Assem1/install/Assem1/share/ament_index/resource_index/parent_prefix_path/Assem1
-- Up-to-date: /home/reeshav/Assem1/install/Assem1/share/Assem1/environment/ament_prefix_path.sh
-- Installing: /home/reeshav/Assem1/install/Assem1/share/Assem1/environment/ament_prefix_path.dsv
-- Up-to-date: /home/reeshav/Assem1/install/Assem1/share/Assem1/environment/path.sh
-- Installing: /home/reeshav/Assem1/install/Assem1/share/Assem1/environment/path.dsv
-- Up-to-date: /home/reeshav/Assem1/install/Assem1/share/Assem1/local_setup.bash
-- Up-to-date: /home/reeshav/Assem1/install/Assem1/share/Assem1/local_setup.sh
-- Up-to-date: /home/reeshav/Assem1/install/Assem1/share/Assem1/local_setup.zsh
-- Installing: /home/reeshav/Assem1/install/Assem1/share/Assem1/local_setup.dsv
-- Up-to-date: /home/reeshav/Assem1/install/Assem1/share/Assem1/package.dsv
-- Up-to-date: /home/reeshav/Assem1/install/Assem1/share/ament_index/resource_index/packages/Assem1
-- Up-to-date: /home/reeshav/Assem1/install/Assem1/share/Assem1/cmake/Assem1Config.cmake
-- Up-to-date: /home/reeshav/Assem1/install/Assem1/share/Assem1/cmake/Assem1Config-version.cmake
-- Up-to-date: /home/reeshav/Assem1/install/Assem1/share/Assem1/package.xml
